<?xml version="1.0" encoding="UTF-8"?>
<!-- Generated by org.testng.reporters.JUnitReportReporter -->
<testsuite hostname="HP-CS1000TX" failures="0" tests="1" name="tyestNG.GoogleTest" time="7.428" errors="0" timestamp="17 Mar 2024 09:47:47 GMT" skipped="0">
  <testcase classname="tyestNG.GoogleTest" name="googleTest" time="7.428"/>
</testsuite> <!-- tyestNG.GoogleTest -->
