<?xml version="1.0" encoding="UTF-8"?>
<!-- Generated by org.testng.reporters.JUnitReportReporter -->
<testsuite hostname="HP-CS1000TX" failures="0" tests="4" name="tyestNG.AlphabeticallyRun" time="0.012" errors="0" timestamp="13 Mar 2024 16:14:01 GMT">
  <testcase classname="tyestNG.AlphabeticallyRun" name="qspider" time="0.001"/>
  <testcase classname="tyestNG.AlphabeticallyRun" name="pyspider" time="0.001"/>
  <testcase classname="tyestNG.AlphabeticallyRun" name="demoTest" time="0.009"/>
  <testcase classname="tyestNG.AlphabeticallyRun" name="jspider" time="0.001"/>
</testsuite> <!-- tyestNG.AlphabeticallyRun -->
