<?xml version="1.0" encoding="UTF-8"?>
<!-- Generated by org.testng.reporters.JUnitReportReporter -->
<testsuite hostname="HP-CS1000TX" failures="0" tests="1" name="tyestNG.FacebookTest" time="2.488" errors="0" timestamp="17 Mar 2024 10:06:38 GMT" skipped="0">
  <testcase classname="tyestNG.FacebookTest" name="facebookTest" time="2.488"/>
</testsuite> <!-- tyestNG.FacebookTest -->
