<?xml version="1.0" encoding="UTF-8"?>
<!-- Generated by org.testng.reporters.JUnitReportReporter -->
<testsuite hostname="HP-CS1000TX" failures="0" tests="1" name="tyestNG.DemoClass" time="0.005" errors="0" timestamp="18 Mar 2024 09:54:46 GMT" skipped="0">
  <testcase classname="tyestNG.DemoClass" name="test1" time="0.005"/>
</testsuite> <!-- tyestNG.DemoClass -->
