<?xml version="1.0" encoding="UTF-8"?>
<!-- Generated by org.testng.reporters.JUnitReportReporter -->
<testsuite hostname="HP-CS1000TX" failures="0" tests="1" name="tyestNG.Test1" time="0.008" errors="0" timestamp="13 Mar 2024 16:13:35 GMT">
  <testcase classname="tyestNG.Test1" name="demoTest" time="0.008"/>
</testsuite> <!-- tyestNG.Test1 -->
