<?xml version="1.0" encoding="UTF-8"?>
<!-- Generated by org.testng.reporters.JUnitReportReporter -->
<testsuite hostname="HP-CS1000TX" failures="0" tests="5" name="tyestNG.Priority" time="0.011" errors="0" timestamp="13 Mar 2024 16:14:50 GMT">
  <testcase classname="tyestNG.Priority" name="addToCart" time="0.001"/>
  <testcase classname="tyestNG.Priority" name="logout" time="0.000"/>
  <testcase classname="tyestNG.Priority" name="searchProduct" time="0.001"/>
  <testcase classname="tyestNG.Priority" name="pyament" time="0.001"/>
  <testcase classname="tyestNG.Priority" name="login" time="0.008"/>
</testsuite> <!-- tyestNG.Priority -->
