<?xml version="1.0" encoding="UTF-8"?>
<!-- Generated by org.testng.reporters.JUnitReportReporter -->
<testsuite hostname="HP-CS1000TX" failures="0" tests="4" name="tyestNG.DemoClass2" time="0.006" errors="0" timestamp="18 Mar 2024 09:54:46 GMT" skipped="0">
  <testcase classname="tyestNG.DemoClass2" name="test2" time="0.001"/>
  <testcase classname="tyestNG.DemoClass2" name="test3" time="0.002"/>
  <testcase classname="tyestNG.DemoClass2" name="test4" time="0.001"/>
  <testcase classname="tyestNG.DemoClass2" name="test5" time="0.002"/>
</testsuite> <!-- tyestNG.DemoClass2 -->
