<?xml version="1.0" encoding="UTF-8"?>
<!-- Generated by org.testng.reporters.JUnitReportReporter -->
<testsuite hostname="HP-CS1000TX" failures="0" tests="5" name="tyestNG.SearchDiffrentProductForMultipletimes" time="0.012" errors="0" timestamp="13 Mar 2024 16:55:17 GMT">
  <testcase classname="tyestNG.SearchDiffrentProductForMultipletimes" name="addToCart" time="0.002"/>
  <testcase classname="tyestNG.SearchDiffrentProductForMultipletimes" name="addToCart" time="0.007"/>
  <testcase classname="tyestNG.SearchDiffrentProductForMultipletimes" name="addToCart" time="0.001"/>
  <testcase classname="tyestNG.SearchDiffrentProductForMultipletimes" name="addToCart" time="0.001"/>
  <testcase classname="tyestNG.SearchDiffrentProductForMultipletimes" name="addToCart" time="0.001"/>
</testsuite> <!-- tyestNG.SearchDiffrentProductForMultipletimes -->
