<?xml version="1.0" encoding="UTF-8"?>
<!-- Generated by org.testng.reporters.JUnitReportReporter -->
<testsuite hostname="HP-CS1000TX" failures="0" tests="5" name="tyestNG.Dependency" time="0.012" errors="0" timestamp="13 Mar 2024 17:11:54 GMT" skipped="0">
  <testcase classname="tyestNG.Dependency" name="login" time="0.008"/>
  <testcase classname="tyestNG.Dependency" name="searchProduct" time="0.001"/>
  <testcase classname="tyestNG.Dependency" name="addToCart" time="0.001"/>
  <testcase classname="tyestNG.Dependency" name="pyament" time="0.001"/>
  <testcase classname="tyestNG.Dependency" name="logout" time="0.001"/>
</testsuite> <!-- tyestNG.Dependency -->
