<?xml version="1.0" encoding="UTF-8"?>
<!-- Generated by org.testng.reporters.JUnitReportReporter -->
<testsuite hostname="HP-CS1000TX" failures="0" tests="5" name="tyestNG.Group" time="0.013" errors="0" timestamp="17 Mar 2024 09:05:42 GMT" skipped="0">
  <testcase classname="tyestNG.Group" name="login" time="0.008"/>
  <testcase classname="tyestNG.Group" name="searchProduct" time="0.001"/>
  <testcase classname="tyestNG.Group" name="addToCart" time="0.001"/>
  <testcase classname="tyestNG.Group" name="pyament" time="0.001"/>
  <testcase classname="tyestNG.Group" name="logout" time="0.002"/>
</testsuite> <!-- tyestNG.Group -->
