<?xml version="1.0" encoding="UTF-8"?>
<!-- Generated by org.testng.reporters.JUnitReportReporter -->
<testsuite hostname="HP-CS1000TX" failures="0" tests="3" name="tyestNG.LaunchMultipleBrowserTest" time="10.108" errors="0" timestamp="18 Mar 2024 09:42:01 GMT" skipped="0">
  <testcase classname="tyestNG.LaunchMultipleBrowserTest" name="launchBrowserTest" time="2.055"/>
  <testcase classname="tyestNG.LaunchMultipleBrowserTest" name="launchBrowserTest" time="3.890"/>
  <testcase classname="tyestNG.LaunchMultipleBrowserTest" name="launchBrowserTest" time="4.163"/>
</testsuite> <!-- tyestNG.LaunchMultipleBrowserTest -->
