<?xml version="1.0" encoding="UTF-8"?>
<!-- Generated by org.testng.reporters.JUnitReportReporter -->
<testsuite hostname="HP-CS1000TX" failures="0" tests="9" name="tyestNG.SearchSameProductForMultipletimes" time="0.017" errors="0" timestamp="13 Mar 2024 17:13:02 GMT" skipped="0">
  <testcase classname="tyestNG.SearchSameProductForMultipletimes" name="login" time="0.007"/>
  <testcase classname="tyestNG.SearchSameProductForMultipletimes" name="searchProduct" time="0.001"/>
  <testcase classname="tyestNG.SearchSameProductForMultipletimes" name="searchProduct" time="0.001"/>
  <testcase classname="tyestNG.SearchSameProductForMultipletimes" name="searchProduct" time="0.002"/>
  <testcase classname="tyestNG.SearchSameProductForMultipletimes" name="searchProduct" time="0.002"/>
  <testcase classname="tyestNG.SearchSameProductForMultipletimes" name="searchProduct" time="0.001"/>
  <testcase classname="tyestNG.SearchSameProductForMultipletimes" name="addToCart" time="0.001"/>
  <testcase classname="tyestNG.SearchSameProductForMultipletimes" name="pyament" time="0.001"/>
  <testcase classname="tyestNG.SearchSameProductForMultipletimes" name="logout" time="0.001"/>
</testsuite> <!-- tyestNG.SearchSameProductForMultipletimes -->
